s SAT
s Solve Time 0.0176s
s Deduction Time 0.0121s
s BackTrack Times 0
s Split Times 1
v -322 0
s NOT SAT
s Solve Time 0.0097s
s Deduction Time 0.0072s
s BackTrack Times 0
s Split Times 0
v  0
s NOT SAT
s Solve Time 0.0096s
s Deduction Time 0.0073s
s BackTrack Times 0
s Split Times 0
v  0
s NOT SAT
s Solve Time 0.009s
s Deduction Time 0.0067s
s BackTrack Times 0
s Split Times 0
v  0
s SAT
s Solve Time 0.0089s
s Deduction Time 0.0064s
s BackTrack Times 0
s Split Times 2
v -212 -423 0
s SAT
s Solve Time 0.0181s
s Deduction Time 0.0135s
s BackTrack Times 0
s Split Times 1
v -322 0
s NOT SAT
s Solve Time 0.0096s
s Deduction Time 0.0072s
s BackTrack Times 0
s Split Times 0
v  0
s NOT SAT
s Solve Time 0.0096s
s Deduction Time 0.0072s
s BackTrack Times 0
s Split Times 0
v  0
s NOT SAT
s Solve Time 0.0091s
s Deduction Time 0.0069s
s BackTrack Times 0
s Split Times 0
v  0
s SAT
s Solve Time 0.0092s
s Deduction Time 0.0066s
s BackTrack Times 0
s Split Times 2
v -212 -423 0
s SAT
s Solve Time 0.0296s
s Deduction Time 0.0252s
s BackTrack Times 0
s Split Times 1
v -322 0
s NOT SAT
s Solve Time 0.0205s
s Deduction Time 0.0181s
s BackTrack Times 0
s Split Times 0
v  0
s NOT SAT
s Solve Time 0.0193s
s Deduction Time 0.0171s
s BackTrack Times 0
s Split Times 0
v  0
s NOT SAT
s Solve Time 0.0156s
s Deduction Time 0.0138s
s BackTrack Times 0
s Split Times 0
v  0
s SAT
s Solve Time 0.0149s
s Deduction Time 0.0129s
s BackTrack Times 0
s Split Times 2
v -212 -423 0
s SAT
s Solve Time 0.0266s
s Deduction Time 0.021s
s BackTrack Times 0
s Split Times 1
v -322 0
s NOT SAT
s Solve Time 0.0205s
s Deduction Time 0.0181s
s BackTrack Times 0
s Split Times 0
v  0
s NOT SAT
s Solve Time 0.0178s
s Deduction Time 0.0157s
s BackTrack Times 0
s Split Times 0
v  0
s NOT SAT
s Solve Time 0.0154s
s Deduction Time 0.0136s
s BackTrack Times 0
s Split Times 0
v  0
s SAT
s Solve Time 0.0155s
s Deduction Time 0.0134s
s BackTrack Times 0
s Split Times 2
v -212 -423 0
s NOT SAT
s Solve Time 0.0274s
s Deduction Time 0.0218s
s BackTrack Times 0
s Split Times 0
v  0
s NOT SAT
s Solve Time 0.0196s
s Deduction Time 0.0173s
s BackTrack Times 0
s Split Times 0
v  0
s NOT SAT
s Solve Time 0.0202s
s Deduction Time 0.018s
s BackTrack Times 0
s Split Times 0
v  0
s NOT SAT
s Solve Time 0.0234s
s Deduction Time 0.0213s
s BackTrack Times 0
s Split Times 0
v  0
s NOT SAT
s Solve Time 0.0222s
s Deduction Time 0.0199s
s BackTrack Times 0
s Split Times 0
v  0
s NOT SAT
s Solve Time 0.0275s
s Deduction Time 0.0238s
s BackTrack Times 0
s Split Times 0
v  0
s NOT SAT
s Solve Time 0.0199s
s Deduction Time 0.0176s
s BackTrack Times 0
s Split Times 0
v  0
s NOT SAT
s Solve Time 0.0273s
s Deduction Time 0.0251s
s BackTrack Times 0
s Split Times 0
v  0
s NOT SAT
s Solve Time 0.0215s
s Deduction Time 0.0173s
s BackTrack Times 0
s Split Times 0
v  0
s NOT SAT
s Solve Time 0.0162s
s Deduction Time 0.0143s
s BackTrack Times 0
s Split Times 0
v  0
s SAT
s Solve Time 0.012s
s Deduction Time 0.0077s
s BackTrack Times 0
s Split Times 1
v -111 -112 -113 114 121 -122 -123 -124 -131 132 -133 -134 -141 -142 143 -144 -211 212 -213 -214 -221 -222 223 -224 -231 -232 -233 234 241 -242 -243 -244 311 -312 -313 -314 -321 -322 -323 324 -331 -332 333 -334 -341 342 -343 -344 -411 -412 413 -414 -421 422 -423 -424 431 -432 -433 -434 -441 -442 -443 444 0
s SAT
s Solve Time 0.0153s
s Deduction Time 0.0125s
s BackTrack Times 0
s Split Times 0
v 111 -112 -113 -114 -121 122 -123 -124 -131 -132 133 -134 -141 -142 -143 144 -211 -212 213 -214 -221 -222 -223 224 231 -232 -233 -234 -241 242 -243 -244 -311 312 -313 -314 -321 -322 323 -324 -331 -332 -333 334 341 -342 -343 -344 -411 -412 -413 414 421 -422 -423 -424 -431 432 -433 -434 -441 -442 443 -444 0
s SAT
s Solve Time 0.009s
s Deduction Time 0.0064s
s BackTrack Times 0
s Split Times 1
v -111 -112 113 -114 121 -122 -123 -124 -131 132 -133 -134 -141 -142 -143 144 -211 -212 -213 214 -221 222 -223 -224 231 -232 -233 -234 -241 -242 243 -244 311 -312 -313 -314 -321 -322 323 -324 -331 -332 -333 334 -341 342 -343 -344 -411 412 -413 -414 -421 -422 -423 424 -431 -432 433 -434 441 -442 -443 -444 0
s SAT
s Solve Time 0.0085s
s Deduction Time 0.0061s
s BackTrack Times 0
s Split Times 0
v -111 112 -113 -114 -121 -122 123 -124 -131 -132 -133 134 141 -142 -143 -144 -211 -212 -213 214 221 -222 -223 -224 -231 232 -233 -234 -241 -242 243 -244 311 -312 -313 -314 -321 -322 -323 324 -331 -332 333 -334 -341 342 -343 -344 -411 -412 413 -414 -421 422 -423 -424 431 -432 -433 -434 -441 -442 -443 444 0
s SAT
s Solve Time 0.0081s
s Deduction Time 0.0055s
s BackTrack Times 0
s Split Times 2
v 111 -112 -113 -114 -121 -122 -123 124 -131 -132 133 -134 -141 142 -143 -144 -211 -212 213 -214 -221 222 -223 -224 231 -232 -233 -234 -241 -242 -243 244 -311 -312 -313 314 -321 -322 323 -324 -331 332 -333 -334 341 -342 -343 -344 -411 412 -413 -414 421 -422 -423 -424 -431 -432 -433 434 -441 -442 443 -444 0
s SAT
s Solve Time 0.0119s
s Deduction Time 0.007s
s BackTrack Times 0
s Split Times 1
v -111 -112 -113 114 121 -122 -123 -124 -131 132 -133 -134 -141 -142 143 -144 -211 212 -213 -214 -221 -222 223 -224 -231 -232 -233 234 241 -242 -243 -244 311 -312 -313 -314 -321 -322 -323 324 -331 -332 333 -334 -341 342 -343 -344 -411 -412 413 -414 -421 422 -423 -424 431 -432 -433 -434 -441 -442 -443 444 0
s SAT
s Solve Time 0.0128s
s Deduction Time 0.007s
s BackTrack Times 0
s Split Times 0
v 111 -112 -113 -114 -121 122 -123 -124 -131 -132 133 -134 -141 -142 -143 144 -211 -212 213 -214 -221 -222 -223 224 231 -232 -233 -234 -241 242 -243 -244 -311 312 -313 -314 -321 -322 323 -324 -331 -332 -333 334 341 -342 -343 -344 -411 -412 -413 414 421 -422 -423 -424 -431 432 -433 -434 -441 -442 443 -444 0
s SAT
s Solve Time 0.0094s
s Deduction Time 0.0067s
s BackTrack Times 0
s Split Times 1
v -111 -112 113 -114 121 -122 -123 -124 -131 132 -133 -134 -141 -142 -143 144 -211 -212 -213 214 -221 222 -223 -224 231 -232 -233 -234 -241 -242 243 -244 311 -312 -313 -314 -321 -322 323 -324 -331 -332 -333 334 -341 342 -343 -344 -411 412 -413 -414 -421 -422 -423 424 -431 -432 433 -434 441 -442 -443 -444 0
s SAT
s Solve Time 0.0091s
s Deduction Time 0.0066s
s BackTrack Times 0
s Split Times 0
v -111 112 -113 -114 -121 -122 123 -124 -131 -132 -133 134 141 -142 -143 -144 -211 -212 -213 214 221 -222 -223 -224 -231 232 -233 -234 -241 -242 243 -244 311 -312 -313 -314 -321 -322 -323 324 -331 -332 333 -334 -341 342 -343 -344 -411 -412 413 -414 -421 422 -423 -424 431 -432 -433 -434 -441 -442 -443 444 0
s SAT
s Solve Time 0.0092s
s Deduction Time 0.0062s
s BackTrack Times 0
s Split Times 2
v 111 -112 -113 -114 -121 -122 -123 124 -131 -132 133 -134 -141 142 -143 -144 -211 -212 213 -214 -221 222 -223 -224 231 -232 -233 -234 -241 -242 -243 244 -311 -312 -313 314 -321 -322 323 -324 -331 332 -333 -334 341 -342 -343 -344 -411 412 -413 -414 421 -422 -423 -424 -431 -432 -433 434 -441 -442 443 -444 0
s SAT
s Solve Time 0.0132s
s Deduction Time 0.0089s
s BackTrack Times 0
s Split Times 1
v -111 -112 -113 114 121 -122 -123 -124 -131 132 -133 -134 -141 -142 143 -144 -211 212 -213 -214 -221 -222 223 -224 -231 -232 -233 234 241 -242 -243 -244 311 -312 -313 -314 -321 -322 -323 324 -331 -332 333 -334 -341 342 -343 -344 -411 -412 413 -414 -421 422 -423 -424 431 -432 -433 -434 -441 -442 -443 444 0
s SAT
s Solve Time 0.0175s
s Deduction Time 0.0146s
s BackTrack Times 0
s Split Times 0
v 111 -112 -113 -114 -121 122 -123 -124 -131 -132 133 -134 -141 -142 -143 144 -211 -212 213 -214 -221 -222 -223 224 231 -232 -233 -234 -241 242 -243 -244 -311 312 -313 -314 -321 -322 323 -324 -331 -332 -333 334 341 -342 -343 -344 -411 -412 -413 414 421 -422 -423 -424 -431 432 -433 -434 -441 -442 443 -444 0
s SAT
s Solve Time 0.0109s
s Deduction Time 0.0073s
s BackTrack Times 0
s Split Times 1
v -111 -112 113 -114 121 -122 -123 -124 -131 132 -133 -134 -141 -142 -143 144 -211 -212 -213 214 -221 222 -223 -224 231 -232 -233 -234 -241 -242 243 -244 311 -312 -313 -314 -321 -322 323 -324 -331 -332 -333 334 -341 342 -343 -344 -411 412 -413 -414 -421 -422 -423 424 -431 -432 433 -434 441 -442 -443 -444 0
s SAT
s Solve Time 0.0097s
s Deduction Time 0.0072s
s BackTrack Times 0
s Split Times 0
v -111 112 -113 -114 -121 -122 123 -124 -131 -132 -133 134 141 -142 -143 -144 -211 -212 -213 214 221 -222 -223 -224 -231 232 -233 -234 -241 -242 243 -244 311 -312 -313 -314 -321 -322 -323 324 -331 -332 333 -334 -341 342 -343 -344 -411 -412 413 -414 -421 422 -423 -424 431 -432 -433 -434 -441 -442 -443 444 0
s SAT
s Solve Time 0.0096s
s Deduction Time 0.0066s
s BackTrack Times 0
s Split Times 2
v 111 -112 -113 -114 -121 -122 -123 124 -131 -132 133 -134 -141 142 -143 -144 -211 -212 213 -214 -221 222 -223 -224 231 -232 -233 -234 -241 -242 -243 244 -311 -312 -313 314 -321 -322 323 -324 -331 332 -333 -334 341 -342 -343 -344 -411 412 -413 -414 421 -422 -423 -424 -431 -432 -433 434 -441 -442 443 -444 0
s SAT
s Solve Time 0.0156s
s Deduction Time 0.0077s
s BackTrack Times 0
s Split Times 1
v -111 -112 -113 114 121 -122 -123 -124 -131 132 -133 -134 -141 -142 143 -144 -211 212 -213 -214 -221 -222 223 -224 -231 -232 -233 234 241 -242 -243 -244 311 -312 -313 -314 -321 -322 -323 324 -331 -332 333 -334 -341 342 -343 -344 -411 -412 413 -414 -421 422 -423 -424 431 -432 -433 -434 -441 -442 -443 444 0
s SAT
s Solve Time 0.015s
s Deduction Time 0.0075s
s BackTrack Times 0
s Split Times 0
v 111 -112 -113 -114 -121 122 -123 -124 -131 -132 133 -134 -141 -142 -143 144 -211 -212 213 -214 -221 -222 -223 224 231 -232 -233 -234 -241 242 -243 -244 -311 312 -313 -314 -321 -322 323 -324 -331 -332 -333 334 341 -342 -343 -344 -411 -412 -413 414 421 -422 -423 -424 -431 432 -433 -434 -441 -442 443 -444 0
s SAT
s Solve Time 0.0119s
s Deduction Time 0.007s
s BackTrack Times 0
s Split Times 1
v -111 -112 113 -114 121 -122 -123 -124 -131 132 -133 -134 -141 -142 -143 144 -211 -212 -213 214 -221 222 -223 -224 231 -232 -233 -234 -241 -242 243 -244 311 -312 -313 -314 -321 -322 323 -324 -331 -332 -333 334 -341 342 -343 -344 -411 412 -413 -414 -421 -422 -423 424 -431 -432 433 -434 441 -442 -443 -444 0
s SAT
s Solve Time 0.0113s
s Deduction Time 0.0069s
s BackTrack Times 0
s Split Times 0
v -111 112 -113 -114 -121 -122 123 -124 -131 -132 -133 134 141 -142 -143 -144 -211 -212 -213 214 221 -222 -223 -224 -231 232 -233 -234 -241 -242 243 -244 311 -312 -313 -314 -321 -322 -323 324 -331 -332 333 -334 -341 342 -343 -344 -411 -412 413 -414 -421 422 -423 -424 431 -432 -433 -434 -441 -442 -443 444 0
s SAT
s Solve Time 0.0107s
s Deduction Time 0.0059s
s BackTrack Times 0
s Split Times 2
v 111 -112 -113 -114 -121 -122 -123 124 -131 -132 133 -134 -141 142 -143 -144 -211 -212 213 -214 -221 222 -223 -224 231 -232 -233 -234 -241 -242 -243 244 -311 -312 -313 314 -321 -322 323 -324 -331 332 -333 -334 341 -342 -343 -344 -411 412 -413 -414 421 -422 -423 -424 -431 -432 -433 434 -441 -442 443 -444 0
s SAT
s Solve Time 0.037s
s Deduction Time 0.0285s
s BackTrack Times 0
s Split Times 1
v -111 -112 -113 114 121 -122 -123 -124 -131 132 -133 -134 -141 -142 143 -144 -211 212 -213 -214 -221 -222 223 -224 -231 -232 -233 234 241 -242 -243 -244 311 -312 -313 -314 -321 -322 -323 324 -331 -332 333 -334 -341 342 -343 -344 -411 -412 413 -414 -421 422 -423 -424 431 -432 -433 -434 -441 -442 -443 444 0
s SAT
s Solve Time 0.0242s
s Deduction Time 0.0195s
s BackTrack Times 0
s Split Times 0
v 111 -112 -113 -114 -121 122 -123 -124 -131 -132 133 -134 -141 -142 -143 144 -211 -212 213 -214 -221 -222 -223 224 231 -232 -233 -234 -241 242 -243 -244 -311 312 -313 -314 -321 -322 323 -324 -331 -332 -333 334 341 -342 -343 -344 -411 -412 -413 414 421 -422 -423 -424 -431 432 -433 -434 -441 -442 443 -444 0
s SAT
s Solve Time 0.0207s
s Deduction Time 0.0163s
s BackTrack Times 0
s Split Times 1
v -111 -112 113 -114 121 -122 -123 -124 -131 132 -133 -134 -141 -142 -143 144 -211 -212 -213 214 -221 222 -223 -224 231 -232 -233 -234 -241 -242 243 -244 311 -312 -313 -314 -321 -322 323 -324 -331 -332 -333 334 -341 342 -343 -344 -411 412 -413 -414 -421 -422 -423 424 -431 -432 433 -434 441 -442 -443 -444 0
s SAT
s Solve Time 0.0188s
s Deduction Time 0.0151s
s BackTrack Times 0
s Split Times 0
v -111 112 -113 -114 -121 -122 123 -124 -131 -132 -133 134 141 -142 -143 -144 -211 -212 -213 214 221 -222 -223 -224 -231 232 -233 -234 -241 -242 243 -244 311 -312 -313 -314 -321 -322 -323 324 -331 -332 333 -334 -341 342 -343 -344 -411 -412 413 -414 -421 422 -423 -424 431 -432 -433 -434 -441 -442 -443 444 0
s SAT
s Solve Time 0.0206s
s Deduction Time 0.0163s
s BackTrack Times 0
s Split Times 2
v 111 -112 -113 -114 -121 -122 -123 124 -131 -132 133 -134 -141 142 -143 -144 -211 -212 213 -214 -221 222 -223 -224 231 -232 -233 -234 -241 -242 -243 244 -311 -312 -313 314 -321 -322 323 -324 -331 332 -333 -334 341 -342 -343 -344 -411 412 -413 -414 421 -422 -423 -424 -431 -432 -433 434 -441 -442 443 -444 0
s SAT
s Solve Time 0.0425s
s Deduction Time 0.0216s
s BackTrack Times 0
s Split Times 15
v -111 -112 113 -114 -121 -122 -123 124 131 -132 -133 -134 -141 142 -143 -144 211 -212 -213 -214 -221 222 -223 -224 -231 -232 233 -234 -241 -242 -243 244 -311 -312 -313 314 321 -322 -323 -324 -331 332 -333 -334 -341 -342 343 -344 -411 412 -413 -414 -421 -422 423 -424 -431 -432 -433 434 441 -442 -443 -444 0
s SAT
s Solve Time 0.0539s
s Deduction Time 0.0286s
s BackTrack Times 0
s Split Times 15
v -111 -112 113 -114 -121 -122 -123 124 131 -132 -133 -134 -141 142 -143 -144 211 -212 -213 -214 -221 222 -223 -224 -231 -232 233 -234 -241 -242 -243 244 -311 -312 -313 314 321 -322 -323 -324 -331 332 -333 -334 -341 -342 343 -344 -411 412 -413 -414 -421 -422 423 -424 -431 -432 -433 434 441 -442 -443 -444 0
s SAT
s Solve Time 0.0515s
s Deduction Time 0.0249s
s BackTrack Times 0
s Split Times 15
v -111 -112 113 -114 -121 -122 -123 124 131 -132 -133 -134 -141 142 -143 -144 211 -212 -213 -214 -221 222 -223 -224 -231 -232 233 -234 -241 -242 -243 244 -311 -312 -313 314 321 -322 -323 -324 -331 332 -333 -334 -341 -342 343 -344 -411 412 -413 -414 -421 -422 423 -424 -431 -432 -433 434 441 -442 -443 -444 0
s SAT
s Solve Time 0.0213s
s Deduction Time 0.0072s
s BackTrack Times 0
s Split Times 15
v -111 -112 113 -114 -121 -122 -123 124 131 -132 -133 -134 -141 142 -143 -144 211 -212 -213 -214 -221 222 -223 -224 -231 -232 233 -234 -241 -242 -243 244 -311 -312 -313 314 321 -322 -323 -324 -331 332 -333 -334 -341 -342 343 -344 -411 412 -413 -414 -421 -422 423 -424 -431 -432 -433 434 441 -442 -443 -444 0
s SAT
s Solve Time 0.0331s
s Deduction Time 0.0173s
s BackTrack Times 0
s Split Times 15
v -111 -112 113 -114 -121 -122 -123 124 131 -132 -133 -134 -141 142 -143 -144 211 -212 -213 -214 -221 222 -223 -224 -231 -232 233 -234 -241 -242 -243 244 -311 -312 -313 314 321 -322 -323 -324 -331 332 -333 -334 -341 -342 343 -344 -411 412 -413 -414 -421 -422 423 -424 -431 -432 -433 434 441 -442 -443 -444 0
s SAT
s Solve Time 0.0298s
s Deduction Time 0.0147s
s BackTrack Times 0
s Split Times 15
v -111 -112 113 -114 -121 -122 -123 124 131 -132 -133 -134 -141 142 -143 -144 211 -212 -213 -214 -221 222 -223 -224 -231 -232 233 -234 -241 -242 -243 244 -311 -312 -313 314 321 -322 -323 -324 -331 332 -333 -334 -341 -342 343 -344 -411 412 -413 -414 -421 -422 423 -424 -431 -432 -433 434 441 -442 -443 -444 0
s SAT
s Solve Time 0.0303s
s Deduction Time 0.015s
s BackTrack Times 0
s Split Times 15
v -111 -112 113 -114 -121 -122 -123 124 131 -132 -133 -134 -141 142 -143 -144 211 -212 -213 -214 -221 222 -223 -224 -231 -232 233 -234 -241 -242 -243 244 -311 -312 -313 314 321 -322 -323 -324 -331 332 -333 -334 -341 -342 343 -344 -411 412 -413 -414 -421 -422 423 -424 -431 -432 -433 434 441 -442 -443 -444 0
s SAT
s Solve Time 0.0212s
s Deduction Time 0.006s
s BackTrack Times 0
s Split Times 8
v -111 -112 113 -114 -121 -122 -123 124 131 -132 -133 -134 -141 142 -143 -144 211 -212 -213 -214 -221 222 -223 -224 -231 -232 233 -234 -241 -242 -243 244 -311 -312 -313 314 321 -322 -323 -324 -331 332 -333 -334 -341 -342 343 -344 -411 412 -413 -414 -421 -422 423 -424 -431 -432 -433 434 441 -442 -443 -444 0
